This file contains any messages produced by compilers while
running configure, to aid debugging if configure makes a mistake.

It was created by dagaltone configure 0.1, which was
generated by GNU Autoconf 2.69.  Invocation command line was

  $ /home/dagal/dev/cpp/audio/configure --enable-maintainer-mode CFLAGS=-g -O0 CXXFLAGS=-g -O0 JFLAGS=-g -O0 FFLAGS=-g -O0 PKG_CONFIG_PATH=:/home/dagal/lib/pkgconfig --no-create --no-recursion

## --------- ##
## Platform. ##
## --------- ##

hostname = bureau01
uname -m = x86_64
uname -r = 3.19.3-1-ARCH
uname -s = Linux
uname -v = #1 SMP PREEMPT Thu Mar 26 14:56:16 CET 2015

/usr/bin/uname -p = unknown
/bin/uname -X     = unknown

/bin/arch              = unknown
/usr/bin/arch -k       = unknown
/usr/convex/getsysinfo = unknown
/usr/bin/hostinfo      = unknown
/bin/machine           = unknown
/usr/bin/oslevel       = unknown
/bin/universe          = unknown

PATH: /home/dagal/bin
PATH: /usr/local/sbin
PATH: /usr/local/bin
PATH: /usr/bin
PATH: /opt/cuda/bin
PATH: /opt/dassault-systemes/DraftSight/bin
PATH: /usr/lib/jvm/default/bin
PATH: /usr/bin/site_perl
PATH: /usr/bin/vendor_perl
PATH: /usr/bin/core_perl
PATH: /home/dagal/MarilouV5/binu64


## ----------- ##
## Core tests. ##
## ----------- ##

configure:2458: checking for a BSD-compatible install
configure:2526: result: /usr/bin/install -c
configure:2537: checking whether build environment is sane
configure:2592: result: yes
configure:2743: checking for a thread-safe mkdir -p
configure:2782: result: /usr/bin/mkdir -p
configure:2789: checking for gawk
configure:2805: found /usr/bin/gawk
configure:2816: result: gawk
configure:2827: checking whether make sets $(MAKE)
configure:2849: result: yes
configure:2878: checking whether make supports nested variables
configure:2895: result: yes
configure:3033: checking whether make supports nested variables
configure:3050: result: yes
configure:3120: checking for g++
configure:3136: found /usr/bin/g++
configure:3147: result: g++
configure:3174: checking for C++ compiler version
configure:3183: g++ --version >&5
g++ (GCC) 4.9.2 20150304 (prerelease)
Copyright (C) 2014 Free Software Foundation, Inc.
This is free software; see the source for copying conditions.  There is NO
warranty; not even for MERCHANTABILITY or FITNESS FOR A PARTICULAR PURPOSE.

configure:3194: $? = 0
configure:3183: g++ -v >&5
Using built-in specs.
COLLECT_GCC=g++
COLLECT_LTO_WRAPPER=/usr/lib/gcc/x86_64-unknown-linux-gnu/4.9.2/lto-wrapper
Target: x86_64-unknown-linux-gnu
Configured with: /build/gcc/src/gcc-4.9-20150304/configure --prefix=/usr --libdir=/usr/lib --libexecdir=/usr/lib --mandir=/usr/share/man --infodir=/usr/share/info --with-bugurl=https://bugs.archlinux.org/ --enable-languages=c,c++,ada,fortran,go,lto,objc,obj-c++ --enable-shared --enable-threads=posix --with-system-zlib --enable-__cxa_atexit --disable-libunwind-exceptions --enable-clocale=gnu --disable-libstdcxx-pch --disable-libssp --enable-gnu-unique-object --enable-linker-build-id --enable-cloog-backend=isl --enable-lto --enable-plugin --enable-install-libiberty --with-linker-hash-style=gnu --disable-multilib --disable-werror --enable-checking=release
Thread model: posix
gcc version 4.9.2 20150304 (prerelease) (GCC) 
configure:3194: $? = 0
configure:3183: g++ -V >&5
g++: error: unrecognized command line option '-V'
g++: fatal error: no input files
compilation terminated.
configure:3194: $? = 1
configure:3183: g++ -qversion >&5
g++: error: unrecognized command line option '-qversion'
g++: fatal error: no input files
compilation terminated.
configure:3194: $? = 1
configure:3214: checking whether the C++ compiler works
configure:3236: g++ -g -O0   conftest.cpp  >&5
configure:3240: $? = 0
configure:3288: result: yes
configure:3291: checking for C++ compiler default output file name
configure:3293: result: a.out
configure:3299: checking for suffix of executables
configure:3306: g++ -o conftest -g -O0   conftest.cpp  >&5
configure:3310: $? = 0
configure:3332: result: 
configure:3354: checking whether we are cross compiling
configure:3362: g++ -o conftest -g -O0   conftest.cpp  >&5
configure:3366: $? = 0
configure:3373: ./conftest
configure:3377: $? = 0
configure:3392: result: no
configure:3397: checking for suffix of object files
configure:3419: g++ -c -g -O0  conftest.cpp >&5
configure:3423: $? = 0
configure:3444: result: o
configure:3448: checking whether we are using the GNU C++ compiler
configure:3467: g++ -c -g -O0  conftest.cpp >&5
configure:3467: $? = 0
configure:3476: result: yes
configure:3485: checking whether g++ accepts -g
configure:3505: g++ -c -g  conftest.cpp >&5
configure:3505: $? = 0
configure:3546: result: yes
configure:3580: checking for style of include used by make
configure:3608: result: GNU
configure:3634: checking dependency style of g++
configure:3745: result: gcc3
configure:3765: checking whether NLS is requested
configure:3774: result: yes
configure:3826: checking for gcc
configure:3842: found /usr/bin/gcc
configure:3853: result: gcc
configure:4082: checking for C compiler version
configure:4091: gcc --version >&5
gcc (GCC) 4.9.2 20150304 (prerelease)
Copyright (C) 2014 Free Software Foundation, Inc.
This is free software; see the source for copying conditions.  There is NO
warranty; not even for MERCHANTABILITY or FITNESS FOR A PARTICULAR PURPOSE.

configure:4102: $? = 0
configure:4091: gcc -v >&5
Using built-in specs.
COLLECT_GCC=gcc
COLLECT_LTO_WRAPPER=/usr/lib/gcc/x86_64-unknown-linux-gnu/4.9.2/lto-wrapper
Target: x86_64-unknown-linux-gnu
Configured with: /build/gcc/src/gcc-4.9-20150304/configure --prefix=/usr --libdir=/usr/lib --libexecdir=/usr/lib --mandir=/usr/share/man --infodir=/usr/share/info --with-bugurl=https://bugs.archlinux.org/ --enable-languages=c,c++,ada,fortran,go,lto,objc,obj-c++ --enable-shared --enable-threads=posix --with-system-zlib --enable-__cxa_atexit --disable-libunwind-exceptions --enable-clocale=gnu --disable-libstdcxx-pch --disable-libssp --enable-gnu-unique-object --enable-linker-build-id --enable-cloog-backend=isl --enable-lto --enable-plugin --enable-install-libiberty --with-linker-hash-style=gnu --disable-multilib --disable-werror --enable-checking=release
Thread model: posix
gcc version 4.9.2 20150304 (prerelease) (GCC) 
configure:4102: $? = 0
configure:4091: gcc -V >&5
gcc: error: unrecognized command line option '-V'
gcc: fatal error: no input files
compilation terminated.
configure:4102: $? = 1
configure:4091: gcc -qversion >&5
gcc: error: unrecognized command line option '-qversion'
gcc: fatal error: no input files
compilation terminated.
configure:4102: $? = 1
configure:4106: checking whether we are using the GNU C compiler
configure:4125: gcc -c -g -O0  conftest.c >&5
configure:4125: $? = 0
configure:4134: result: yes
configure:4143: checking whether gcc accepts -g
configure:4163: gcc -c -g  conftest.c >&5
configure:4163: $? = 0
configure:4204: result: yes
configure:4221: checking for gcc option to accept ISO C89
configure:4284: gcc  -c -g -O0  conftest.c >&5
configure:4284: $? = 0
configure:4297: result: none needed
configure:4322: checking whether gcc understands -c and -o together
configure:4344: gcc -c conftest.c -o conftest2.o
configure:4347: $? = 0
configure:4344: gcc -c conftest.c -o conftest2.o
configure:4347: $? = 0
configure:4359: result: yes
configure:4378: checking dependency style of gcc
configure:4489: result: gcc3
configure:4519: checking for intltool >= 0.35.0
configure:4521: result: 0.50.2 found
configure:4529: checking for intltool-update
configure:4547: found /usr/bin/intltool-update
configure:4559: result: /usr/bin/intltool-update
configure:4569: checking for intltool-merge
configure:4587: found /usr/bin/intltool-merge
configure:4599: result: /usr/bin/intltool-merge
configure:4609: checking for intltool-extract
configure:4627: found /usr/bin/intltool-extract
configure:4639: result: /usr/bin/intltool-extract
configure:4793: checking for xgettext
configure:4811: found /usr/bin/xgettext
configure:4823: result: /usr/bin/xgettext
configure:4833: checking for msgmerge
configure:4851: found /usr/bin/msgmerge
configure:4863: result: /usr/bin/msgmerge
configure:4873: checking for msgfmt
configure:4891: found /usr/bin/msgfmt
configure:4903: result: /usr/bin/msgfmt
configure:4913: checking for gmsgfmt
configure:4944: result: /usr/bin/msgfmt
configure:4964: checking for perl
configure:4982: found /usr/bin/perl
configure:4994: result: /usr/bin/perl
configure:5005: checking for perl >= 5.8.1
configure:5012: result: 5.20.2
configure:5016: checking for XML::Parser
configure:5019: result: ok
configure:5044: gcc -o conftest -g -O0   conftest.c  >&5
configure:5044: $? = 0
configure:5083: checking how to run the C preprocessor
configure:5114: gcc -E  conftest.c
configure:5114: $? = 0
configure:5128: gcc -E  conftest.c
conftest.c:12:28: fatal error: ac_nonexistent.h: No such file or directory
 #include <ac_nonexistent.h>
                            ^
compilation terminated.
configure:5128: $? = 1
configure: failed program was:
| /* confdefs.h */
| #define PACKAGE_NAME "dagaltone"
| #define PACKAGE_TARNAME "dagaltone"
| #define PACKAGE_VERSION "0.1"
| #define PACKAGE_STRING "dagaltone 0.1"
| #define PACKAGE_BUGREPORT ""
| #define PACKAGE_URL ""
| #define PACKAGE "dagaltone"
| #define VERSION "0.1"
| #define GETTEXT_PACKAGE "dagaltone"
| /* end confdefs.h.  */
| #include <ac_nonexistent.h>
configure:5153: result: gcc -E
configure:5173: gcc -E  conftest.c
configure:5173: $? = 0
configure:5187: gcc -E  conftest.c
conftest.c:12:28: fatal error: ac_nonexistent.h: No such file or directory
 #include <ac_nonexistent.h>
                            ^
compilation terminated.
configure:5187: $? = 1
configure: failed program was:
| /* confdefs.h */
| #define PACKAGE_NAME "dagaltone"
| #define PACKAGE_TARNAME "dagaltone"
| #define PACKAGE_VERSION "0.1"
| #define PACKAGE_STRING "dagaltone 0.1"
| #define PACKAGE_BUGREPORT ""
| #define PACKAGE_URL ""
| #define PACKAGE "dagaltone"
| #define VERSION "0.1"
| #define GETTEXT_PACKAGE "dagaltone"
| /* end confdefs.h.  */
| #include <ac_nonexistent.h>
configure:5216: checking for grep that handles long lines and -e
configure:5274: result: /usr/bin/grep
configure:5279: checking for egrep
configure:5341: result: /usr/bin/grep -E
configure:5346: checking for ANSI C header files
configure:5366: gcc -c -g -O0  conftest.c >&5
configure:5366: $? = 0
configure:5439: gcc -o conftest -g -O0   conftest.c  >&5
configure:5439: $? = 0
configure:5439: ./conftest
configure:5439: $? = 0
configure:5450: result: yes
configure:5463: checking for sys/types.h
configure:5463: gcc -c -g -O0  conftest.c >&5
configure:5463: $? = 0
configure:5463: result: yes
configure:5463: checking for sys/stat.h
configure:5463: gcc -c -g -O0  conftest.c >&5
configure:5463: $? = 0
configure:5463: result: yes
configure:5463: checking for stdlib.h
configure:5463: gcc -c -g -O0  conftest.c >&5
configure:5463: $? = 0
configure:5463: result: yes
configure:5463: checking for string.h
configure:5463: gcc -c -g -O0  conftest.c >&5
configure:5463: $? = 0
configure:5463: result: yes
configure:5463: checking for memory.h
configure:5463: gcc -c -g -O0  conftest.c >&5
configure:5463: $? = 0
configure:5463: result: yes
configure:5463: checking for strings.h
configure:5463: gcc -c -g -O0  conftest.c >&5
configure:5463: $? = 0
configure:5463: result: yes
configure:5463: checking for inttypes.h
configure:5463: gcc -c -g -O0  conftest.c >&5
configure:5463: $? = 0
configure:5463: result: yes
configure:5463: checking for stdint.h
configure:5463: gcc -c -g -O0  conftest.c >&5
configure:5463: $? = 0
configure:5463: result: yes
configure:5463: checking for unistd.h
configure:5463: gcc -c -g -O0  conftest.c >&5
configure:5463: $? = 0
configure:5463: result: yes
configure:5478: checking locale.h usability
configure:5478: gcc -c -g -O0  conftest.c >&5
configure:5478: $? = 0
configure:5478: result: yes
configure:5478: checking locale.h presence
configure:5478: gcc -E  conftest.c
configure:5478: $? = 0
configure:5478: result: yes
configure:5478: checking for locale.h
configure:5478: result: yes
configure:5489: checking for LC_MESSAGES
configure:5505: gcc -o conftest -g -O0   conftest.c  >&5
configure:5505: $? = 0
configure:5513: result: yes
configure:5530: checking libintl.h usability
configure:5530: gcc -c -g -O0  conftest.c >&5
configure:5530: $? = 0
configure:5530: result: yes
configure:5530: checking libintl.h presence
configure:5530: gcc -E  conftest.c
configure:5530: $? = 0
configure:5530: result: yes
configure:5530: checking for libintl.h
configure:5530: result: yes
configure:5538: checking for ngettext in libc
configure:5556: gcc -o conftest -g -O0   conftest.c  >&5
configure:5556: $? = 0
configure:5565: result: yes
configure:5569: checking for dgettext in libc
configure:5587: gcc -o conftest -g -O0   conftest.c  >&5
configure:5587: $? = 0
configure:5596: result: yes
configure:5603: checking for bind_textdomain_codeset
configure:5603: gcc -o conftest -g -O0   conftest.c  >&5
configure:5603: $? = 0
configure:5603: result: yes
configure:5879: checking for msgfmt
configure:5906: result: /usr/bin/msgfmt
configure:5917: checking for dcgettext
configure:5917: gcc -o conftest -g -O0   conftest.c   >&5
conftest.c:49:6: warning: conflicting types for built-in function 'dcgettext'
 char dcgettext ();
      ^
configure:5917: $? = 0
configure:5917: result: yes
configure:5927: checking if msgfmt accepts -c
configure:5942: $MSGFMT -c -o /dev/null conftest.foo
conftest.foo:3: warning: header field 'Language' missing in header
configure:5945: $? = 0
configure:5947: result: yes
configure:5957: checking for gmsgfmt
configure:5988: result: /usr/bin/msgfmt
configure:5998: checking for xgettext
configure:6025: result: /usr/bin/xgettext
configure:6044: gcc -o conftest -g -O0   conftest.c   >&5
configure:6044: $? = 0
configure:6217: checking build system type
configure:6231: result: x86_64-unknown-linux-gnu
configure:6251: checking host system type
configure:6264: result: x86_64-unknown-linux-gnu
configure:6305: checking how to print strings
configure:6332: result: printf
configure:6353: checking for a sed that does not truncate output
configure:6417: result: /usr/bin/sed
configure:6435: checking for fgrep
configure:6497: result: /usr/bin/grep -F
configure:6532: checking for ld used by gcc
configure:6599: result: /usr/bin/ld
configure:6606: checking if the linker (/usr/bin/ld) is GNU ld
configure:6621: result: yes
configure:6633: checking for BSD- or MS-compatible name lister (nm)
configure:6687: result: /usr/bin/nm -B
configure:6817: checking the name lister (/usr/bin/nm -B) interface
configure:6824: gcc -c -g -O0  conftest.c >&5
configure:6827: /usr/bin/nm -B "conftest.o"
configure:6830: output
0000000000000000 B some_variable
configure:6837: result: BSD nm
configure:6840: checking whether ln -s works
configure:6844: result: yes
configure:6852: checking the maximum length of command line arguments
configure:6983: result: 1572864
configure:7031: checking how to convert x86_64-unknown-linux-gnu file names to x86_64-unknown-linux-gnu format
configure:7071: result: func_convert_file_noop
configure:7078: checking how to convert x86_64-unknown-linux-gnu file names to toolchain format
configure:7098: result: func_convert_file_noop
configure:7105: checking for /usr/bin/ld option to reload object files
configure:7112: result: -r
configure:7186: checking for objdump
configure:7202: found /usr/bin/objdump
configure:7213: result: objdump
configure:7245: checking how to recognize dependent libraries
configure:7445: result: pass_all
configure:7530: checking for dlltool
configure:7560: result: no
configure:7590: checking how to associate runtime and link libraries
configure:7617: result: printf %s\n
configure:7677: checking for ar
configure:7693: found /usr/bin/ar
configure:7704: result: ar
configure:7741: checking for archiver @FILE support
configure:7758: gcc -c -g -O0  conftest.c >&5
configure:7758: $? = 0
configure:7761: ar cru libconftest.a @conftest.lst >&5
configure:7764: $? = 0
configure:7769: ar cru libconftest.a @conftest.lst >&5
ar: conftest.o: No such file or directory
configure:7772: $? = 1
configure:7784: result: @
configure:7842: checking for strip
configure:7858: found /usr/bin/strip
configure:7869: result: strip
configure:7941: checking for ranlib
configure:7957: found /usr/bin/ranlib
configure:7968: result: ranlib
configure:8070: checking command to parse /usr/bin/nm -B output from gcc object
configure:8223: gcc -c -g -O0  conftest.c >&5
configure:8226: $? = 0
configure:8230: /usr/bin/nm -B conftest.o \| sed -n -e 's/^.*[ ]\([ABCDGIRSTW][ABCDGIRSTW]*\)[ ][ ]*\([_A-Za-z][_A-Za-z0-9]*\)$/\1 \2 \2/p' | sed '/ __gnu_lto/d' \> conftest.nm
configure:8233: $? = 0
configure:8299: gcc -o conftest -g -O0   conftest.c conftstm.o >&5
configure:8302: $? = 0
configure:8340: result: ok
configure:8387: checking for sysroot
configure:8417: result: no
configure:8424: checking for a working dd
configure:8462: result: /usr/bin/dd
configure:8466: checking how to truncate binary pipes
configure:8481: result: /usr/bin/dd bs=4096 count=1
configure:8617: gcc -c -g -O0  conftest.c >&5
configure:8620: $? = 0
configure:8810: checking for mt
configure:8840: result: no
configure:8860: checking if : is a manifest tool
configure:8866: : '-?'
configure:8874: result: no
configure:9548: checking for dlfcn.h
configure:9548: gcc -c -g -O0  conftest.c >&5
configure:9548: $? = 0
configure:9548: result: yes
configure:9815: checking for objdir
configure:9830: result: .libs
configure:10090: checking if gcc supports -fno-rtti -fno-exceptions
configure:10108: gcc -c -g -O0  -fno-rtti -fno-exceptions conftest.c >&5
cc1: warning: command line option '-fno-rtti' is valid for C++/ObjC++ but not for C
configure:10112: $? = 0
configure:10125: result: no
configure:10483: checking for gcc option to produce PIC
configure:10490: result: -fPIC -DPIC
configure:10498: checking if gcc PIC flag -fPIC -DPIC works
configure:10516: gcc -c -g -O0  -fPIC -DPIC -DPIC conftest.c >&5
configure:10520: $? = 0
configure:10533: result: yes
configure:10562: checking if gcc static flag -static works
configure:10590: result: yes
configure:10605: checking if gcc supports -c -o file.o
configure:10626: gcc -c -g -O0  -o out/conftest2.o conftest.c >&5
configure:10630: $? = 0
configure:10652: result: yes
configure:10660: checking if gcc supports -c -o file.o
configure:10707: result: yes
configure:10740: checking whether the gcc linker (/usr/bin/ld -m elf_x86_64) supports shared libraries
configure:11999: result: yes
configure:12036: checking whether -lc should be explicitly linked in
configure:12044: gcc -c -g -O0  conftest.c >&5
configure:12047: $? = 0
configure:12062: gcc -shared  -fPIC -DPIC conftest.o  -v -Wl,-soname -Wl,conftest -o conftest 2\>\&1 \| /usr/bin/grep  -lc  \>/dev/null 2\>\&1
configure:12065: $? = 0
configure:12079: result: no
configure:12239: checking dynamic linker characteristics
configure:12820: gcc -o conftest -g -O0   -Wl,-rpath -Wl,/foo conftest.c  >&5
configure:12820: $? = 0
configure:13057: result: GNU/Linux ld.so
configure:13179: checking how to hardcode library paths into programs
configure:13204: result: immediate
configure:13752: checking whether stripping libraries is possible
configure:13757: result: yes
configure:13792: checking if libtool supports shared libraries
configure:13794: result: yes
configure:13797: checking whether to build shared libraries
configure:13822: result: yes
configure:13825: checking whether to build static libraries
configure:13829: result: yes
configure:13852: checking how to run the C++ preprocessor
configure:13879: g++ -E  conftest.cpp
configure:13879: $? = 0
configure:13893: g++ -E  conftest.cpp
conftest.cpp:30:28: fatal error: ac_nonexistent.h: No such file or directory
 #include <ac_nonexistent.h>
                            ^
compilation terminated.
configure:13893: $? = 1
configure: failed program was:
| /* confdefs.h */
| #define PACKAGE_NAME "dagaltone"
| #define PACKAGE_TARNAME "dagaltone"
| #define PACKAGE_VERSION "0.1"
| #define PACKAGE_STRING "dagaltone 0.1"
| #define PACKAGE_BUGREPORT ""
| #define PACKAGE_URL ""
| #define PACKAGE "dagaltone"
| #define VERSION "0.1"
| #define GETTEXT_PACKAGE "dagaltone"
| #define STDC_HEADERS 1
| #define HAVE_SYS_TYPES_H 1
| #define HAVE_SYS_STAT_H 1
| #define HAVE_STDLIB_H 1
| #define HAVE_STRING_H 1
| #define HAVE_MEMORY_H 1
| #define HAVE_STRINGS_H 1
| #define HAVE_INTTYPES_H 1
| #define HAVE_STDINT_H 1
| #define HAVE_UNISTD_H 1
| #define HAVE_LOCALE_H 1
| #define HAVE_LC_MESSAGES 1
| #define HAVE_BIND_TEXTDOMAIN_CODESET 1
| #define HAVE_GETTEXT 1
| #define HAVE_DCGETTEXT 1
| #define ENABLE_NLS 1
| #define HAVE_DLFCN_H 1
| #define LT_OBJDIR ".libs/"
| /* end confdefs.h.  */
| #include <ac_nonexistent.h>
configure:13918: result: g++ -E
configure:13938: g++ -E  conftest.cpp
configure:13938: $? = 0
configure:13952: g++ -E  conftest.cpp
conftest.cpp:30:28: fatal error: ac_nonexistent.h: No such file or directory
 #include <ac_nonexistent.h>
                            ^
compilation terminated.
configure:13952: $? = 1
configure: failed program was:
| /* confdefs.h */
| #define PACKAGE_NAME "dagaltone"
| #define PACKAGE_TARNAME "dagaltone"
| #define PACKAGE_VERSION "0.1"
| #define PACKAGE_STRING "dagaltone 0.1"
| #define PACKAGE_BUGREPORT ""
| #define PACKAGE_URL ""
| #define PACKAGE "dagaltone"
| #define VERSION "0.1"
| #define GETTEXT_PACKAGE "dagaltone"
| #define STDC_HEADERS 1
| #define HAVE_SYS_TYPES_H 1
| #define HAVE_SYS_STAT_H 1
| #define HAVE_STDLIB_H 1
| #define HAVE_STRING_H 1
| #define HAVE_MEMORY_H 1
| #define HAVE_STRINGS_H 1
| #define HAVE_INTTYPES_H 1
| #define HAVE_STDINT_H 1
| #define HAVE_UNISTD_H 1
| #define HAVE_LOCALE_H 1
| #define HAVE_LC_MESSAGES 1
| #define HAVE_BIND_TEXTDOMAIN_CODESET 1
| #define HAVE_GETTEXT 1
| #define HAVE_DCGETTEXT 1
| #define ENABLE_NLS 1
| #define HAVE_DLFCN_H 1
| #define LT_OBJDIR ".libs/"
| /* end confdefs.h.  */
| #include <ac_nonexistent.h>
configure:14114: checking for ld used by g++
configure:14181: result: /usr/bin/ld -m elf_x86_64
configure:14188: checking if the linker (/usr/bin/ld -m elf_x86_64) is GNU ld
configure:14203: result: yes
configure:14258: checking whether the g++ linker (/usr/bin/ld -m elf_x86_64) supports shared libraries
configure:15331: result: yes
configure:15367: g++ -c -g -O0  conftest.cpp >&5
configure:15370: $? = 0
configure:15851: checking for g++ option to produce PIC
configure:15858: result: -fPIC -DPIC
configure:15866: checking if g++ PIC flag -fPIC -DPIC works
configure:15884: g++ -c -g -O0  -fPIC -DPIC -DPIC conftest.cpp >&5
configure:15888: $? = 0
configure:15901: result: yes
configure:15924: checking if g++ static flag -static works
configure:15952: result: yes
configure:15964: checking if g++ supports -c -o file.o
configure:15985: g++ -c -g -O0  -o out/conftest2.o conftest.cpp >&5
configure:15989: $? = 0
configure:16011: result: yes
configure:16016: checking if g++ supports -c -o file.o
configure:16063: result: yes
configure:16093: checking whether the g++ linker (/usr/bin/ld -m elf_x86_64) supports shared libraries
configure:16133: result: yes
configure:16274: checking dynamic linker characteristics
configure:17019: result: GNU/Linux ld.so
configure:17084: checking how to hardcode library paths into programs
configure:17109: result: immediate
configure:17226: checking for pkg-config
configure:17244: found /usr/bin/pkg-config
configure:17256: result: /usr/bin/pkg-config
configure:17281: checking pkg-config is at least version 0.9.0
configure:17284: result: yes
configure:17294: checking for DAGALTONE
configure:17301: $PKG_CONFIG --exists --print-errors "gtkmm-3.0 jack"
configure:17304: $? = 0
configure:17318: $PKG_CONFIG --exists --print-errors "gtkmm-3.0 jack"
configure:17321: $? = 0
configure:17379: result: yes
configure:17498: checking that generated files are newer than configure
configure:17504: result: done
configure:17535: creating ./config.status
configure:19971: WARNING: unrecognized options: --enable-maintainer-mode

## ---------------- ##
## Cache variables. ##
## ---------------- ##

ac_cv_build=x86_64-unknown-linux-gnu
ac_cv_c_compiler_gnu=yes
ac_cv_cxx_compiler_gnu=yes
ac_cv_env_CCC_set=
ac_cv_env_CCC_value=
ac_cv_env_CC_set=
ac_cv_env_CC_value=
ac_cv_env_CFLAGS_set=set
ac_cv_env_CFLAGS_value='-g -O0'
ac_cv_env_CPPFLAGS_set=
ac_cv_env_CPPFLAGS_value=
ac_cv_env_CPP_set=
ac_cv_env_CPP_value=
ac_cv_env_CXXCPP_set=
ac_cv_env_CXXCPP_value=
ac_cv_env_CXXFLAGS_set=set
ac_cv_env_CXXFLAGS_value='-g -O0'
ac_cv_env_CXX_set=
ac_cv_env_CXX_value=
ac_cv_env_DAGALTONE_CFLAGS_set=
ac_cv_env_DAGALTONE_CFLAGS_value=
ac_cv_env_DAGALTONE_LIBS_set=
ac_cv_env_DAGALTONE_LIBS_value=
ac_cv_env_LDFLAGS_set=
ac_cv_env_LDFLAGS_value=
ac_cv_env_LIBS_set=
ac_cv_env_LIBS_value=
ac_cv_env_LT_SYS_LIBRARY_PATH_set=
ac_cv_env_LT_SYS_LIBRARY_PATH_value=
ac_cv_env_PKG_CONFIG_LIBDIR_set=
ac_cv_env_PKG_CONFIG_LIBDIR_value=
ac_cv_env_PKG_CONFIG_PATH_set=set
ac_cv_env_PKG_CONFIG_PATH_value=:/home/dagal/lib/pkgconfig
ac_cv_env_PKG_CONFIG_set=
ac_cv_env_PKG_CONFIG_value=
ac_cv_env_build_alias_set=
ac_cv_env_build_alias_value=
ac_cv_env_host_alias_set=
ac_cv_env_host_alias_value=
ac_cv_env_target_alias_set=
ac_cv_env_target_alias_value=
ac_cv_func_bind_textdomain_codeset=yes
ac_cv_func_dcgettext=yes
ac_cv_header_dlfcn_h=yes
ac_cv_header_inttypes_h=yes
ac_cv_header_libintl_h=yes
ac_cv_header_locale_h=yes
ac_cv_header_memory_h=yes
ac_cv_header_stdc=yes
ac_cv_header_stdint_h=yes
ac_cv_header_stdlib_h=yes
ac_cv_header_string_h=yes
ac_cv_header_strings_h=yes
ac_cv_header_sys_stat_h=yes
ac_cv_header_sys_types_h=yes
ac_cv_header_unistd_h=yes
ac_cv_host=x86_64-unknown-linux-gnu
ac_cv_objext=o
ac_cv_path_EGREP='/usr/bin/grep -E'
ac_cv_path_FGREP='/usr/bin/grep -F'
ac_cv_path_GMSGFMT=/usr/bin/msgfmt
ac_cv_path_GREP=/usr/bin/grep
ac_cv_path_INTLTOOL_EXTRACT=/usr/bin/intltool-extract
ac_cv_path_INTLTOOL_MERGE=/usr/bin/intltool-merge
ac_cv_path_INTLTOOL_PERL=/usr/bin/perl
ac_cv_path_INTLTOOL_UPDATE=/usr/bin/intltool-update
ac_cv_path_MSGFMT=/usr/bin/msgfmt
ac_cv_path_MSGMERGE=/usr/bin/msgmerge
ac_cv_path_SED=/usr/bin/sed
ac_cv_path_XGETTEXT=/usr/bin/xgettext
ac_cv_path_ac_pt_PKG_CONFIG=/usr/bin/pkg-config
ac_cv_path_install='/usr/bin/install -c'
ac_cv_path_lt_DD=/usr/bin/dd
ac_cv_path_mkdir=/usr/bin/mkdir
ac_cv_prog_AWK=gawk
ac_cv_prog_CPP='gcc -E'
ac_cv_prog_CXXCPP='g++ -E'
ac_cv_prog_ac_ct_AR=ar
ac_cv_prog_ac_ct_CC=gcc
ac_cv_prog_ac_ct_CXX=g++
ac_cv_prog_ac_ct_OBJDUMP=objdump
ac_cv_prog_ac_ct_RANLIB=ranlib
ac_cv_prog_ac_ct_STRIP=strip
ac_cv_prog_cc_c89=
ac_cv_prog_cc_g=yes
ac_cv_prog_cxx_g=yes
ac_cv_prog_make_make_set=yes
am_cv_CC_dependencies_compiler_type=gcc3
am_cv_CXX_dependencies_compiler_type=gcc3
am_cv_make_support_nested_variables=yes
am_cv_prog_cc_c_o=yes
am_cv_val_LC_MESSAGES=yes
gt_cv_func_dgettext_libc=yes
gt_cv_func_dgettext_libintl=no
gt_cv_func_ngettext_libc=yes
gt_cv_have_gettext=yes
lt_cv_ar_at_file=@
lt_cv_archive_cmds_need_lc=no
lt_cv_deplibs_check_method=pass_all
lt_cv_file_magic_cmd='$MAGIC_CMD'
lt_cv_file_magic_test_file=
lt_cv_ld_reload_flag=-r
lt_cv_nm_interface='BSD nm'
lt_cv_objdir=.libs
lt_cv_path_LD=/usr/bin/ld
lt_cv_path_LDCXX='/usr/bin/ld -m elf_x86_64'
lt_cv_path_NM='/usr/bin/nm -B'
lt_cv_path_mainfest_tool=no
lt_cv_prog_compiler_c_o=yes
lt_cv_prog_compiler_c_o_CXX=yes
lt_cv_prog_compiler_pic='-fPIC -DPIC'
lt_cv_prog_compiler_pic_CXX='-fPIC -DPIC'
lt_cv_prog_compiler_pic_works=yes
lt_cv_prog_compiler_pic_works_CXX=yes
lt_cv_prog_compiler_rtti_exceptions=no
lt_cv_prog_compiler_static_works=yes
lt_cv_prog_compiler_static_works_CXX=yes
lt_cv_prog_gnu_ld=yes
lt_cv_prog_gnu_ldcxx=yes
lt_cv_sharedlib_from_linklib_cmd='printf %s\n'
lt_cv_shlibpath_overrides_runpath=no
lt_cv_sys_global_symbol_pipe='sed -n -e '\''s/^.*[	 ]\([ABCDGIRSTW][ABCDGIRSTW]*\)[	 ][	 ]*\([_A-Za-z][_A-Za-z0-9]*\)$/\1 \2 \2/p'\'' | sed '\''/ __gnu_lto/d'\'''
lt_cv_sys_global_symbol_to_c_name_address='sed -n -e '\''s/^: \(.*\) .*$/  {"\1", (void *) 0},/p'\'' -e '\''s/^[ABCDGIRSTW][ABCDGIRSTW]* .* \(.*\)$/  {"\1", (void *) \&\1},/p'\'''
lt_cv_sys_global_symbol_to_c_name_address_lib_prefix='sed -n -e '\''s/^: \(.*\) .*$/  {"\1", (void *) 0},/p'\'' -e '\''s/^[ABCDGIRSTW][ABCDGIRSTW]* .* \(lib.*\)$/  {"\1", (void *) \&\1},/p'\'' -e '\''s/^[ABCDGIRSTW][ABCDGIRSTW]* .* \(.*\)$/  {"lib\1", (void *) \&\1},/p'\'''
lt_cv_sys_global_symbol_to_cdecl='sed -n -e '\''s/^T .* \(.*\)$/extern int \1();/p'\'' -e '\''s/^[ABCDGIRSTW][ABCDGIRSTW]* .* \(.*\)$/extern char \1;/p'\'''
lt_cv_sys_global_symbol_to_import=
lt_cv_sys_max_cmd_len=1572864
lt_cv_to_host_file_cmd=func_convert_file_noop
lt_cv_to_tool_file_cmd=func_convert_file_noop
lt_cv_truncate_bin='/usr/bin/dd bs=4096 count=1'
pkg_cv_DAGALTONE_CFLAGS='-pthread -I/usr/include/gtkmm-3.0 -I/usr/lib/gtkmm-3.0/include -I/usr/include/atkmm-1.6 -I/usr/include/gtk-3.0/unix-print -I/usr/include/gdkmm-3.0 -I/usr/lib/gdkmm-3.0/include -I/usr/include/giomm-2.4 -I/usr/lib/giomm-2.4/include -I/usr/include/pangomm-1.4 -I/usr/lib/pangomm-1.4/include -I/usr/include/glibmm-2.4 -I/usr/lib/glibmm-2.4/include -I/usr/include/gtk-3.0 -I/usr/include/at-spi2-atk/2.0 -I/usr/include/at-spi-2.0 -I/usr/include/dbus-1.0 -I/usr/lib/dbus-1.0/include -I/usr/include/gtk-3.0 -I/usr/include/gio-unix-2.0/ -I/usr/include/cairo -I/usr/include/pango-1.0 -I/usr/include/atk-1.0 -I/usr/include/cairo -I/usr/include/cairomm-1.0 -I/usr/lib/cairomm-1.0/include -I/usr/include/cairo -I/usr/include/pixman-1 -I/usr/include/freetype2 -I/usr/include/libpng16 -I/usr/include/harfbuzz -I/usr/include/freetype2 -I/usr/include/harfbuzz -I/usr/include/libdrm -I/usr/include/libpng16 -I/usr/include/sigc++-2.0 -I/usr/lib/sigc++-2.0/include -I/usr/include/gdk-pixbuf-2.0 -I/usr/include/libpng16 -I/usr/include/glib-2.0 -I/usr/lib/glib-2.0/include '
pkg_cv_DAGALTONE_LIBS='-lgtkmm-3.0 -latkmm-1.6 -lgdkmm-3.0 -lgiomm-2.4 -lpangomm-1.4 -lglibmm-2.4 -lgtk-3 -lgdk-3 -lpangocairo-1.0 -lpango-1.0 -latk-1.0 -lcairo-gobject -lgio-2.0 -lcairomm-1.0 -lcairo -lsigc-2.0 -lgdk_pixbuf-2.0 -lgobject-2.0 -lglib-2.0 -ljack '

## ----------------- ##
## Output variables. ##
## ----------------- ##

ACLOCAL='${SHELL} /home/dagal/dev/cpp/audio/missing aclocal-1.15'
ALL_LINGUAS=''
AMDEPBACKSLASH='\'
AMDEP_FALSE='#'
AMDEP_TRUE=''
AMTAR='$${TAR-tar}'
AM_BACKSLASH='\'
AM_DEFAULT_V='$(AM_DEFAULT_VERBOSITY)'
AM_DEFAULT_VERBOSITY='0'
AM_V='$(V)'
AR='ar'
AUTOCONF='${SHELL} /home/dagal/dev/cpp/audio/missing autoconf'
AUTOHEADER='${SHELL} /home/dagal/dev/cpp/audio/missing autoheader'
AUTOMAKE='${SHELL} /home/dagal/dev/cpp/audio/missing automake-1.15'
AWK='gawk'
CATALOGS=''
CATOBJEXT='.gmo'
CC='gcc'
CCDEPMODE='depmode=gcc3'
CFLAGS='-g -O0'
CPP='gcc -E'
CPPFLAGS=''
CXX='g++'
CXXCPP='g++ -E'
CXXDEPMODE='depmode=gcc3'
CXXFLAGS='-g -O0'
CYGPATH_W='echo'
DAGALTONE_CFLAGS='-pthread -I/usr/include/gtkmm-3.0 -I/usr/lib/gtkmm-3.0/include -I/usr/include/atkmm-1.6 -I/usr/include/gtk-3.0/unix-print -I/usr/include/gdkmm-3.0 -I/usr/lib/gdkmm-3.0/include -I/usr/include/giomm-2.4 -I/usr/lib/giomm-2.4/include -I/usr/include/pangomm-1.4 -I/usr/lib/pangomm-1.4/include -I/usr/include/glibmm-2.4 -I/usr/lib/glibmm-2.4/include -I/usr/include/gtk-3.0 -I/usr/include/at-spi2-atk/2.0 -I/usr/include/at-spi-2.0 -I/usr/include/dbus-1.0 -I/usr/lib/dbus-1.0/include -I/usr/include/gtk-3.0 -I/usr/include/gio-unix-2.0/ -I/usr/include/cairo -I/usr/include/pango-1.0 -I/usr/include/atk-1.0 -I/usr/include/cairo -I/usr/include/cairomm-1.0 -I/usr/lib/cairomm-1.0/include -I/usr/include/cairo -I/usr/include/pixman-1 -I/usr/include/freetype2 -I/usr/include/libpng16 -I/usr/include/harfbuzz -I/usr/include/freetype2 -I/usr/include/harfbuzz -I/usr/include/libdrm -I/usr/include/libpng16 -I/usr/include/sigc++-2.0 -I/usr/lib/sigc++-2.0/include -I/usr/include/gdk-pixbuf-2.0 -I/usr/include/libpng16 -I/usr/include/glib-2.0 -I/usr/lib/glib-2.0/include '
DAGALTONE_LIBS='-lgtkmm-3.0 -latkmm-1.6 -lgdkmm-3.0 -lgiomm-2.4 -lpangomm-1.4 -lglibmm-2.4 -lgtk-3 -lgdk-3 -lpangocairo-1.0 -lpango-1.0 -latk-1.0 -lcairo-gobject -lgio-2.0 -lcairomm-1.0 -lcairo -lsigc-2.0 -lgdk_pixbuf-2.0 -lgobject-2.0 -lglib-2.0 -ljack '
DATADIRNAME='share'
DEFS='-DHAVE_CONFIG_H'
DEPDIR='.deps'
DLLTOOL='false'
DSYMUTIL=''
DUMPBIN=''
ECHO_C=''
ECHO_N='-n'
ECHO_T=''
EGREP='/usr/bin/grep -E'
EXEEXT=''
FGREP='/usr/bin/grep -F'
GETTEXT_PACKAGE='dagaltone'
GMOFILES=''
GMSGFMT='/usr/bin/msgfmt'
GREP='/usr/bin/grep'
INSTALL_DATA='${INSTALL} -m 644'
INSTALL_PROGRAM='${INSTALL}'
INSTALL_SCRIPT='${INSTALL}'
INSTALL_STRIP_PROGRAM='$(install_sh) -c -s'
INSTOBJEXT='.mo'
INTLLIBS=''
INTLTOOL_CAVES_RULE='%.caves:     %.caves.in     $(INTLTOOL_MERGE) $(wildcard $(top_srcdir)/po/*.po) ; $(INTLTOOL_V_MERGE)LC_ALL=C $(INTLTOOL_MERGE) $(INTLTOOL_V_MERGE_OPTIONS) -d -u -c $(top_builddir)/po/.intltool-merge-cache $(top_srcdir)/po $< $@'
INTLTOOL_DESKTOP_RULE='%.desktop:   %.desktop.in   $(INTLTOOL_MERGE) $(wildcard $(top_srcdir)/po/*.po) ; $(INTLTOOL_V_MERGE)LC_ALL=C $(INTLTOOL_MERGE) $(INTLTOOL_V_MERGE_OPTIONS) -d -u -c $(top_builddir)/po/.intltool-merge-cache $(top_srcdir)/po $< $@'
INTLTOOL_DIRECTORY_RULE='%.directory: %.directory.in $(INTLTOOL_MERGE) $(wildcard $(top_srcdir)/po/*.po) ; $(INTLTOOL_V_MERGE)LC_ALL=C $(INTLTOOL_MERGE) $(INTLTOOL_V_MERGE_OPTIONS) -d -u -c $(top_builddir)/po/.intltool-merge-cache $(top_srcdir)/po $< $@'
INTLTOOL_EXTRACT='/usr/bin/intltool-extract'
INTLTOOL_KBD_RULE='%.kbd:       %.kbd.in       $(INTLTOOL_MERGE) $(wildcard $(top_srcdir)/po/*.po) ; $(INTLTOOL_V_MERGE)LC_ALL=C $(INTLTOOL_MERGE) $(INTLTOOL_V_MERGE_OPTIONS) -x -u -m -c $(top_builddir)/po/.intltool-merge-cache $(top_srcdir)/po $< $@'
INTLTOOL_KEYS_RULE='%.keys:      %.keys.in      $(INTLTOOL_MERGE) $(wildcard $(top_srcdir)/po/*.po) ; $(INTLTOOL_V_MERGE)LC_ALL=C $(INTLTOOL_MERGE) $(INTLTOOL_V_MERGE_OPTIONS) -k -u -c $(top_builddir)/po/.intltool-merge-cache $(top_srcdir)/po $< $@'
INTLTOOL_MERGE='/usr/bin/intltool-merge'
INTLTOOL_OAF_RULE='%.oaf:       %.oaf.in       $(INTLTOOL_MERGE) $(wildcard $(top_srcdir)/po/*.po) ; $(INTLTOOL_V_MERGE)LC_ALL=C $(INTLTOOL_MERGE) $(INTLTOOL_V_MERGE_OPTIONS) -o -p $(top_srcdir)/po $< $@'
INTLTOOL_PERL='/usr/bin/perl'
INTLTOOL_POLICY_RULE='%.policy:    %.policy.in    $(INTLTOOL_MERGE) $(wildcard $(top_srcdir)/po/*.po) ; $(INTLTOOL_V_MERGE)LC_ALL=C $(INTLTOOL_MERGE) $(INTLTOOL_V_MERGE_OPTIONS) -x -u -c $(top_builddir)/po/.intltool-merge-cache $(top_srcdir)/po $< $@'
INTLTOOL_PONG_RULE='%.pong:      %.pong.in      $(INTLTOOL_MERGE) $(wildcard $(top_srcdir)/po/*.po) ; $(INTLTOOL_V_MERGE)LC_ALL=C $(INTLTOOL_MERGE) $(INTLTOOL_V_MERGE_OPTIONS) -x -u -c $(top_builddir)/po/.intltool-merge-cache $(top_srcdir)/po $< $@'
INTLTOOL_PROP_RULE='%.prop:      %.prop.in      $(INTLTOOL_MERGE) $(wildcard $(top_srcdir)/po/*.po) ; $(INTLTOOL_V_MERGE)LC_ALL=C $(INTLTOOL_MERGE) $(INTLTOOL_V_MERGE_OPTIONS) -d -u -c $(top_builddir)/po/.intltool-merge-cache $(top_srcdir)/po $< $@'
INTLTOOL_SCHEMAS_RULE='%.schemas:   %.schemas.in   $(INTLTOOL_MERGE) $(wildcard $(top_srcdir)/po/*.po) ; $(INTLTOOL_V_MERGE)LC_ALL=C $(INTLTOOL_MERGE) $(INTLTOOL_V_MERGE_OPTIONS) -s -u -c $(top_builddir)/po/.intltool-merge-cache $(top_srcdir)/po $< $@'
INTLTOOL_SERVER_RULE='%.server:    %.server.in    $(INTLTOOL_MERGE) $(wildcard $(top_srcdir)/po/*.po) ; $(INTLTOOL_V_MERGE)LC_ALL=C $(INTLTOOL_MERGE) $(INTLTOOL_V_MERGE_OPTIONS) -o -u -c $(top_builddir)/po/.intltool-merge-cache $(top_srcdir)/po $< $@'
INTLTOOL_SERVICE_RULE='%.service: %.service.in   $(INTLTOOL_MERGE) $(wildcard $(top_srcdir)/po/*.po) ; $(INTLTOOL_V_MERGE)LC_ALL=C $(INTLTOOL_MERGE) $(INTLTOOL_V_MERGE_OPTIONS) -d -u -c $(top_builddir)/po/.intltool-merge-cache $(top_srcdir)/po $< $@'
INTLTOOL_SHEET_RULE='%.sheet:     %.sheet.in     $(INTLTOOL_MERGE) $(wildcard $(top_srcdir)/po/*.po) ; $(INTLTOOL_V_MERGE)LC_ALL=C $(INTLTOOL_MERGE) $(INTLTOOL_V_MERGE_OPTIONS) -x -u -c $(top_builddir)/po/.intltool-merge-cache $(top_srcdir)/po $< $@'
INTLTOOL_SOUNDLIST_RULE='%.soundlist: %.soundlist.in $(INTLTOOL_MERGE) $(wildcard $(top_srcdir)/po/*.po) ; $(INTLTOOL_V_MERGE)LC_ALL=C $(INTLTOOL_MERGE) $(INTLTOOL_V_MERGE_OPTIONS) -d -u -c $(top_builddir)/po/.intltool-merge-cache $(top_srcdir)/po $< $@'
INTLTOOL_THEME_RULE='%.theme:     %.theme.in     $(INTLTOOL_MERGE) $(wildcard $(top_srcdir)/po/*.po) ; $(INTLTOOL_V_MERGE)LC_ALL=C $(INTLTOOL_MERGE) $(INTLTOOL_V_MERGE_OPTIONS) -d -u -c $(top_builddir)/po/.intltool-merge-cache $(top_srcdir)/po $< $@'
INTLTOOL_UI_RULE='%.ui:        %.ui.in        $(INTLTOOL_MERGE) $(wildcard $(top_srcdir)/po/*.po) ; $(INTLTOOL_V_MERGE)LC_ALL=C $(INTLTOOL_MERGE) $(INTLTOOL_V_MERGE_OPTIONS) -x -u -c $(top_builddir)/po/.intltool-merge-cache $(top_srcdir)/po $< $@'
INTLTOOL_UPDATE='/usr/bin/intltool-update'
INTLTOOL_V_MERGE='$(INTLTOOL__v_MERGE_$(V))'
INTLTOOL_V_MERGE_OPTIONS='$(intltool__v_merge_options_$(V))'
INTLTOOL_XAM_RULE='%.xam:       %.xml.in       $(INTLTOOL_MERGE) $(wildcard $(top_srcdir)/po/*.po) ; $(INTLTOOL_V_MERGE)LC_ALL=C $(INTLTOOL_MERGE) $(INTLTOOL_V_MERGE_OPTIONS) -x -u -c $(top_builddir)/po/.intltool-merge-cache $(top_srcdir)/po $< $@'
INTLTOOL_XML_NOMERGE_RULE='%.xml:       %.xml.in       $(INTLTOOL_MERGE) ; $(INTLTOOL_V_MERGE)LC_ALL=C $(INTLTOOL_MERGE) $(INTLTOOL_V_MERGE_OPTIONS) -x -u --no-translations $< $@'
INTLTOOL_XML_RULE='%.xml:       %.xml.in       $(INTLTOOL_MERGE) $(wildcard $(top_srcdir)/po/*.po) ; $(INTLTOOL_V_MERGE)LC_ALL=C $(INTLTOOL_MERGE) $(INTLTOOL_V_MERGE_OPTIONS) -x -u -c $(top_builddir)/po/.intltool-merge-cache $(top_srcdir)/po $< $@'
INTLTOOL__v_MERGE_0='@echo "  ITMRG " $@;'
INTLTOOL__v_MERGE_='$(INTLTOOL__v_MERGE_$(AM_DEFAULT_VERBOSITY))'
LD='/usr/bin/ld -m elf_x86_64'
LDFLAGS=''
LIBOBJS=''
LIBS=''
LIBTOOL='$(SHELL) $(top_builddir)/libtool'
LIPO=''
LN_S='ln -s'
LTLIBOBJS=''
LT_SYS_LIBRARY_PATH=''
MAKEINFO='${SHELL} /home/dagal/dev/cpp/audio/missing makeinfo'
MANIFEST_TOOL=':'
MKDIR_P='/usr/bin/mkdir -p'
MKINSTALLDIRS='/home/dagal/dev/cpp/audio/mkinstalldirs'
MSGFMT='/usr/bin/msgfmt'
MSGFMT_OPTS='-c'
MSGMERGE='/usr/bin/msgmerge'
NM='/usr/bin/nm -B'
NMEDIT=''
OBJDUMP='objdump'
OBJEXT='o'
OTOOL64=''
OTOOL=''
PACKAGE='dagaltone'
PACKAGE_BUGREPORT=''
PACKAGE_NAME='dagaltone'
PACKAGE_STRING='dagaltone 0.1'
PACKAGE_TARNAME='dagaltone'
PACKAGE_URL=''
PACKAGE_VERSION='0.1'
PATH_SEPARATOR=':'
PKG_CONFIG='/usr/bin/pkg-config'
PKG_CONFIG_LIBDIR=''
PKG_CONFIG_PATH=':/home/dagal/lib/pkgconfig'
POFILES=''
POSUB='po'
PO_IN_DATADIR_FALSE=''
PO_IN_DATADIR_TRUE=''
RANLIB='ranlib'
SED='/usr/bin/sed'
SET_MAKE=''
SHELL='/bin/sh'
STRIP='strip'
USE_NLS='yes'
VERSION='0.1'
XGETTEXT='/usr/bin/xgettext'
ac_ct_AR='ar'
ac_ct_CC='gcc'
ac_ct_CXX='g++'
ac_ct_DUMPBIN=''
am__EXEEXT_FALSE=''
am__EXEEXT_TRUE='#'
am__fastdepCC_FALSE='#'
am__fastdepCC_TRUE=''
am__fastdepCXX_FALSE='#'
am__fastdepCXX_TRUE=''
am__include='include'
am__isrc=' -I$(srcdir)'
am__leading_dot='.'
am__nodep='_no'
am__quote=''
am__tar='$${TAR-tar} chof - "$$tardir"'
am__untar='$${TAR-tar} xf -'
bindir='${exec_prefix}/bin'
build='x86_64-unknown-linux-gnu'
build_alias=''
build_cpu='x86_64'
build_os='linux-gnu'
build_vendor='unknown'
datadir='${datarootdir}'
datarootdir='${prefix}/share'
docdir='${datarootdir}/doc/${PACKAGE_TARNAME}'
dvidir='${docdir}'
exec_prefix='${prefix}'
host='x86_64-unknown-linux-gnu'
host_alias=''
host_cpu='x86_64'
host_os='linux-gnu'
host_vendor='unknown'
htmldir='${docdir}'
includedir='${prefix}/include'
infodir='${datarootdir}/info'
install_sh='${SHELL} /home/dagal/dev/cpp/audio/install-sh'
intltool__v_merge_options_0='-q'
intltool__v_merge_options_='$(intltool__v_merge_options_$(AM_DEFAULT_VERBOSITY))'
libdir='${exec_prefix}/lib'
libexecdir='${exec_prefix}/libexec'
localedir='${datarootdir}/locale'
localstatedir='${prefix}/var'
mandir='${datarootdir}/man'
mkdir_p='$(MKDIR_P)'
oldincludedir='/usr/include'
pdfdir='${docdir}'
prefix='/usr/local'
program_transform_name='s,x,x,'
psdir='${docdir}'
sbindir='${exec_prefix}/sbin'
sharedstatedir='${prefix}/com'
sysconfdir='${prefix}/etc'
target_alias=''

## ----------- ##
## confdefs.h. ##
## ----------- ##

/* confdefs.h */
#define PACKAGE_NAME "dagaltone"
#define PACKAGE_TARNAME "dagaltone"
#define PACKAGE_VERSION "0.1"
#define PACKAGE_STRING "dagaltone 0.1"
#define PACKAGE_BUGREPORT ""
#define PACKAGE_URL ""
#define PACKAGE "dagaltone"
#define VERSION "0.1"
#define GETTEXT_PACKAGE "dagaltone"
#define STDC_HEADERS 1
#define HAVE_SYS_TYPES_H 1
#define HAVE_SYS_STAT_H 1
#define HAVE_STDLIB_H 1
#define HAVE_STRING_H 1
#define HAVE_MEMORY_H 1
#define HAVE_STRINGS_H 1
#define HAVE_INTTYPES_H 1
#define HAVE_STDINT_H 1
#define HAVE_UNISTD_H 1
#define HAVE_LOCALE_H 1
#define HAVE_LC_MESSAGES 1
#define HAVE_BIND_TEXTDOMAIN_CODESET 1
#define HAVE_GETTEXT 1
#define HAVE_DCGETTEXT 1
#define ENABLE_NLS 1
#define HAVE_DLFCN_H 1
#define LT_OBJDIR ".libs/"

configure: exit 0

## ---------------------- ##
## Running config.status. ##
## ---------------------- ##

This file was extended by dagaltone config.status 0.1, which was
generated by GNU Autoconf 2.69.  Invocation command line was

  CONFIG_FILES    = 
  CONFIG_HEADERS  = 
  CONFIG_LINKS    = 
  CONFIG_COMMANDS = 
  $ ./config.status 

on bureau01

config.status:1242: creating Makefile
config.status:1242: creating src/Makefile
config.status:1242: creating po/Makefile.in
config.status:1242: creating doc/Makefile
config.status:1242: creating doc/man/Makefile
config.status:1242: creating doc/info/Makefile
config.status:1242: creating doc/html/Makefile
config.status:1242: creating config.h
config.status:1408: config.h is unchanged
config.status:1456: executing depfiles commands
config.status:1456: executing default-1 commands
config.status:1456: executing libtool commands
config.status:1456: executing po/stamp-it commands

## ---------------------- ##
## Running config.status. ##
## ---------------------- ##

This file was extended by dagaltone config.status 0.1, which was
generated by GNU Autoconf 2.69.  Invocation command line was

  CONFIG_FILES    = 
  CONFIG_HEADERS  = 
  CONFIG_LINKS    = 
  CONFIG_COMMANDS = 
  $ ./config.status config.h

on bureau01

config.status:1242: creating config.h
config.status:1408: config.h is unchanged

## ---------------------- ##
## Running config.status. ##
## ---------------------- ##

This file was extended by dagaltone config.status 0.1, which was
generated by GNU Autoconf 2.69.  Invocation command line was

  CONFIG_FILES    = 
  CONFIG_HEADERS  = 
  CONFIG_LINKS    = 
  CONFIG_COMMANDS = 
  $ ./config.status src/Makefile depfiles

on bureau01

config.status:1242: creating src/Makefile
config.status:1456: executing depfiles commands
